CRITICAL - 2020-12-11 07:30:48 --> Class 'App\Controllers\M_sipera' not found
#0 C:\Users\Muhammad Ardani\sipera\vendor\codeigniter4\framework\system\CodeIgniter.php(890): App\Controllers\Admin->__construct()
#1 C:\Users\Muhammad Ardani\sipera\vendor\codeigniter4\framework\system\CodeIgniter.php(399): CodeIgniter\CodeIgniter->createController()
#2 C:\Users\Muhammad Ardani\sipera\vendor\codeigniter4\framework\system\CodeIgniter.php(312): CodeIgniter\CodeIgniter->handleRequest(NULL, Object(Config\Cache), false)
#3 C:\Users\Muhammad Ardani\sipera\public\index.php(45): CodeIgniter\CodeIgniter->run()
#4 C:\Users\Muhammad Ardani\sipera\vendor\codeigniter4\framework\system\Commands\Server\rewrite.php(34): require_once('C:\\Users\\Muhamm...')
#5 {main}
CRITICAL - 2020-12-11 07:31:31 --> Table 'sipera.admins' doesn't exist
#0 C:\Users\Muhammad Ardani\sipera\vendor\codeigniter4\framework\system\Database\MySQLi\Connection.php(331): mysqli->query('SELECT *\nFROM `...')
#1 C:\Users\Muhammad Ardani\sipera\vendor\codeigniter4\framework\system\Database\BaseConnection.php(741): CodeIgniter\Database\MySQLi\Connection->execute('SELECT *\nFROM `...')
#2 C:\Users\Muhammad Ardani\sipera\vendor\codeigniter4\framework\system\Database\BaseConnection.php(669): CodeIgniter\Database\BaseConnection->simpleQuery('SELECT *\nFROM `...')
#3 C:\Users\Muhammad Ardani\sipera\vendor\codeigniter4\framework\system\Database\BaseBuilder.php(1860): CodeIgniter\Database\BaseConnection->query('SELECT *\nFROM `...', Array, false)
#4 C:\Users\Muhammad Ardani\sipera\vendor\codeigniter4\framework\system\Model.php(462): CodeIgniter\Database\BaseBuilder->get()
#5 C:\Users\Muhammad Ardani\sipera\app\Models\AdminModel.php(16): CodeIgniter\Model->findAll()
#6 C:\Users\Muhammad Ardani\sipera\app\Controllers\Admin.php(45): App\Models\AdminModel->getAdmin(NULL)
#7 C:\Users\Muhammad Ardani\sipera\vendor\codeigniter4\framework\system\CodeIgniter.php(918): App\Controllers\Admin->index()
#8 C:\Users\Muhammad Ardani\sipera\vendor\codeigniter4\framework\system\CodeIgniter.php(404): CodeIgniter\CodeIgniter->runController(Object(App\Controllers\Admin))
#9 C:\Users\Muhammad Ardani\sipera\vendor\codeigniter4\framework\system\CodeIgniter.php(312): CodeIgniter\CodeIgniter->handleRequest(NULL, Object(Config\Cache), false)
#10 C:\Users\Muhammad Ardani\sipera\public\index.php(45): CodeIgniter\CodeIgniter->run()
#11 C:\Users\Muhammad Ardani\sipera\vendor\codeigniter4\framework\system\Commands\Server\rewrite.php(34): require_once('C:\\Users\\Muhamm...')
#12 {main}
CRITICAL - 2020-12-11 07:36:46 --> Table 'sipera.products' doesn't exist
#0 C:\Users\Muhammad Ardani\sipera\vendor\codeigniter4\framework\system\Database\MySQLi\Connection.php(331): mysqli->query('SELECT *\nFROM `...')
#1 C:\Users\Muhammad Ardani\sipera\vendor\codeigniter4\framework\system\Database\BaseConnection.php(741): CodeIgniter\Database\MySQLi\Connection->execute('SELECT *\nFROM `...')
#2 C:\Users\Muhammad Ardani\sipera\vendor\codeigniter4\framework\system\Database\BaseConnection.php(669): CodeIgniter\Database\BaseConnection->simpleQuery('SELECT *\nFROM `...')
#3 C:\Users\Muhammad Ardani\sipera\vendor\codeigniter4\framework\system\Database\BaseBuilder.php(1860): CodeIgniter\Database\BaseConnection->query('SELECT *\nFROM `...', Array, false)
#4 C:\Users\Muhammad Ardani\sipera\vendor\codeigniter4\framework\system\Model.php(462): CodeIgniter\Database\BaseBuilder->get()
#5 C:\Users\Muhammad Ardani\sipera\app\Models\ProductModel.php(16): CodeIgniter\Model->findAll()
#6 C:\Users\Muhammad Ardani\sipera\app\Controllers\Admin.php(47): App\Models\ProductModel->getProduct()
#7 C:\Users\Muhammad Ardani\sipera\vendor\codeigniter4\framework\system\CodeIgniter.php(918): App\Controllers\Admin->index()
#8 C:\Users\Muhammad Ardani\sipera\vendor\codeigniter4\framework\system\CodeIgniter.php(404): CodeIgniter\CodeIgniter->runController(Object(App\Controllers\Admin))
#9 C:\Users\Muhammad Ardani\sipera\vendor\codeigniter4\framework\system\CodeIgniter.php(312): CodeIgniter\CodeIgniter->handleRequest(NULL, Object(Config\Cache), false)
#10 C:\Users\Muhammad Ardani\sipera\public\index.php(45): CodeIgniter\CodeIgniter->run()
#11 C:\Users\Muhammad Ardani\sipera\vendor\codeigniter4\framework\system\Commands\Server\rewrite.php(34): require_once('C:\\Users\\Muhamm...')
#12 {main}
CRITICAL - 2020-12-11 07:39:28 --> Undefined property: CodeIgniter\View\View::$session
#0 C:\Users\Muhammad Ardani\sipera\app\Views\admin\header.php(43): CodeIgniter\Debug\Exceptions->errorHandler(8, 'Undefined prope...', 'C:\\Users\\Muhamm...', 43, Array)
#1 C:\Users\Muhammad Ardani\sipera\vendor\codeigniter4\framework\system\View\View.php(246): include('C:\\Users\\Muhamm...')
#2 C:\Users\Muhammad Ardani\sipera\vendor\codeigniter4\framework\system\Common.php(1119): CodeIgniter\View\View->render('admin/header', Array, true)
#3 C:\Users\Muhammad Ardani\sipera\app\Controllers\Admin.php(41): view('admin/header', Array)
#4 C:\Users\Muhammad Ardani\sipera\vendor\codeigniter4\framework\system\CodeIgniter.php(918): App\Controllers\Admin->index()
#5 C:\Users\Muhammad Ardani\sipera\vendor\codeigniter4\framework\system\CodeIgniter.php(404): CodeIgniter\CodeIgniter->runController(Object(App\Controllers\Admin))
#6 C:\Users\Muhammad Ardani\sipera\vendor\codeigniter4\framework\system\CodeIgniter.php(312): CodeIgniter\CodeIgniter->handleRequest(NULL, Object(Config\Cache), false)
#7 C:\Users\Muhammad Ardani\sipera\public\index.php(45): CodeIgniter\CodeIgniter->run()
#8 C:\Users\Muhammad Ardani\sipera\vendor\codeigniter4\framework\system\Commands\Server\rewrite.php(34): require_once('C:\\Users\\Muhamm...')
#9 {main}
CRITICAL - 2020-12-11 07:40:52 --> Invalid file: admin/menu.php
#0 C:\Users\Muhammad Ardani\sipera\vendor\codeigniter4\framework\system\View\View.php(228): CodeIgniter\Exceptions\FrameworkException::forInvalidFile('admin/menu.php')
#1 C:\Users\Muhammad Ardani\sipera\vendor\codeigniter4\framework\system\Common.php(1119): CodeIgniter\View\View->render('admin/menu', Array, true)
#2 C:\Users\Muhammad Ardani\sipera\app\Controllers\Admin.php(42): view('admin/menu', Array)
#3 C:\Users\Muhammad Ardani\sipera\vendor\codeigniter4\framework\system\CodeIgniter.php(918): App\Controllers\Admin->index()
#4 C:\Users\Muhammad Ardani\sipera\vendor\codeigniter4\framework\system\CodeIgniter.php(404): CodeIgniter\CodeIgniter->runController(Object(App\Controllers\Admin))
#5 C:\Users\Muhammad Ardani\sipera\vendor\codeigniter4\framework\system\CodeIgniter.php(312): CodeIgniter\CodeIgniter->handleRequest(NULL, Object(Config\Cache), false)
#6 C:\Users\Muhammad Ardani\sipera\public\index.php(45): CodeIgniter\CodeIgniter->run()
#7 C:\Users\Muhammad Ardani\sipera\vendor\codeigniter4\framework\system\Commands\Server\rewrite.php(34): require_once('C:\\Users\\Muhamm...')
#8 {main}
CRITICAL - 2020-12-11 07:41:21 --> Undefined property: CodeIgniter\View\View::$M_sipera
#0 C:\Users\Muhammad Ardani\sipera\app\Views\admin\index.php(41): CodeIgniter\Debug\Exceptions->errorHandler(8, 'Undefined prope...', 'C:\\Users\\Muhamm...', 41, Array)
#1 C:\Users\Muhammad Ardani\sipera\vendor\codeigniter4\framework\system\View\View.php(246): include('C:\\Users\\Muhamm...')
#2 C:\Users\Muhammad Ardani\sipera\vendor\codeigniter4\framework\system\Common.php(1119): CodeIgniter\View\View->render('admin/index', Array, true)
#3 C:\Users\Muhammad Ardani\sipera\app\Controllers\Admin.php(43): view('admin/index', Array)
#4 C:\Users\Muhammad Ardani\sipera\vendor\codeigniter4\framework\system\CodeIgniter.php(918): App\Controllers\Admin->index()
#5 C:\Users\Muhammad Ardani\sipera\vendor\codeigniter4\framework\system\CodeIgniter.php(404): CodeIgniter\CodeIgniter->runController(Object(App\Controllers\Admin))
#6 C:\Users\Muhammad Ardani\sipera\vendor\codeigniter4\framework\system\CodeIgniter.php(312): CodeIgniter\CodeIgniter->handleRequest(NULL, Object(Config\Cache), false)
#7 C:\Users\Muhammad Ardani\sipera\public\index.php(45): CodeIgniter\CodeIgniter->run()
#8 C:\Users\Muhammad Ardani\sipera\vendor\codeigniter4\framework\system\Commands\Server\rewrite.php(34): require_once('C:\\Users\\Muhamm...')
#9 {main}
CRITICAL - 2020-12-11 07:45:24 --> Undefined property: CodeIgniter\View\View::$M_sipera
#0 C:\Users\Muhammad Ardani\sipera\app\Views\admin\index.php(41): CodeIgniter\Debug\Exceptions->errorHandler(8, 'Undefined prope...', 'C:\\Users\\Muhamm...', 41, Array)
#1 C:\Users\Muhammad Ardani\sipera\vendor\codeigniter4\framework\system\View\View.php(246): include('C:\\Users\\Muhamm...')
#2 C:\Users\Muhammad Ardani\sipera\vendor\codeigniter4\framework\system\Common.php(1119): CodeIgniter\View\View->render('admin/index', Array, true)
#3 C:\Users\Muhammad Ardani\sipera\app\Controllers\Admin.php(43): view('admin/index', Array)
#4 C:\Users\Muhammad Ardani\sipera\vendor\codeigniter4\framework\system\CodeIgniter.php(918): App\Controllers\Admin->index()
#5 C:\Users\Muhammad Ardani\sipera\vendor\codeigniter4\framework\system\CodeIgniter.php(404): CodeIgniter\CodeIgniter->runController(Object(App\Controllers\Admin))
#6 C:\Users\Muhammad Ardani\sipera\vendor\codeigniter4\framework\system\CodeIgniter.php(312): CodeIgniter\CodeIgniter->handleRequest(NULL, Object(Config\Cache), false)
#7 C:\Users\Muhammad Ardani\sipera\public\index.php(45): CodeIgniter\CodeIgniter->run()
#8 C:\Users\Muhammad Ardani\sipera\vendor\codeigniter4\framework\system\Commands\Server\rewrite.php(34): require_once('C:\\Users\\Muhamm...')
#9 {main}
CRITICAL - 2020-12-11 07:45:47 --> Undefined property: CodeIgniter\View\View::$M_perpus
#0 C:\Users\Muhammad Ardani\sipera\app\Views\admin\index.php(60): CodeIgniter\Debug\Exceptions->errorHandler(8, 'Undefined prope...', 'C:\\Users\\Muhamm...', 60, Array)
#1 C:\Users\Muhammad Ardani\sipera\vendor\codeigniter4\framework\system\View\View.php(246): include('C:\\Users\\Muhamm...')
#2 C:\Users\Muhammad Ardani\sipera\vendor\codeigniter4\framework\system\Common.php(1119): CodeIgniter\View\View->render('admin/index', Array, true)
#3 C:\Users\Muhammad Ardani\sipera\app\Controllers\Admin.php(43): view('admin/index', Array)
#4 C:\Users\Muhammad Ardani\sipera\vendor\codeigniter4\framework\system\CodeIgniter.php(918): App\Controllers\Admin->index()
#5 C:\Users\Muhammad Ardani\sipera\vendor\codeigniter4\framework\system\CodeIgniter.php(404): CodeIgniter\CodeIgniter->runController(Object(App\Controllers\Admin))
#6 C:\Users\Muhammad Ardani\sipera\vendor\codeigniter4\framework\system\CodeIgniter.php(312): CodeIgniter\CodeIgniter->handleRequest(NULL, Object(Config\Cache), false)
#7 C:\Users\Muhammad Ardani\sipera\public\index.php(45): CodeIgniter\CodeIgniter->run()
#8 C:\Users\Muhammad Ardani\sipera\vendor\codeigniter4\framework\system\Commands\Server\rewrite.php(34): require_once('C:\\Users\\Muhamm...')
#9 {main}
CRITICAL - 2020-12-11 07:46:43 --> Undefined property: CodeIgniter\View\View::$M_perpus
#0 C:\Users\Muhammad Ardani\sipera\app\Views\admin\index.php(81): CodeIgniter\Debug\Exceptions->errorHandler(8, 'Undefined prope...', 'C:\\Users\\Muhamm...', 81, Array)
#1 C:\Users\Muhammad Ardani\sipera\vendor\codeigniter4\framework\system\View\View.php(246): include('C:\\Users\\Muhamm...')
#2 C:\Users\Muhammad Ardani\sipera\vendor\codeigniter4\framework\system\Common.php(1119): CodeIgniter\View\View->render('admin/index', Array, true)
#3 C:\Users\Muhammad Ardani\sipera\app\Controllers\Admin.php(43): view('admin/index', Array)
#4 C:\Users\Muhammad Ardani\sipera\vendor\codeigniter4\framework\system\CodeIgniter.php(918): App\Controllers\Admin->index()
#5 C:\Users\Muhammad Ardani\sipera\vendor\codeigniter4\framework\system\CodeIgniter.php(404): CodeIgniter\CodeIgniter->runController(Object(App\Controllers\Admin))
#6 C:\Users\Muhammad Ardani\sipera\vendor\codeigniter4\framework\system\CodeIgniter.php(312): CodeIgniter\CodeIgniter->handleRequest(NULL, Object(Config\Cache), false)
#7 C:\Users\Muhammad Ardani\sipera\public\index.php(45): CodeIgniter\CodeIgniter->run()
#8 C:\Users\Muhammad Ardani\sipera\vendor\codeigniter4\framework\system\Commands\Server\rewrite.php(34): require_once('C:\\Users\\Muhamm...')
#9 {main}
CRITICAL - 2020-12-11 07:46:59 --> Undefined property: CodeIgniter\View\View::$M_perpus
#0 C:\Users\Muhammad Ardani\sipera\app\Views\admin\index.php(101): CodeIgniter\Debug\Exceptions->errorHandler(8, 'Undefined prope...', 'C:\\Users\\Muhamm...', 101, Array)
#1 C:\Users\Muhammad Ardani\sipera\vendor\codeigniter4\framework\system\View\View.php(246): include('C:\\Users\\Muhamm...')
#2 C:\Users\Muhammad Ardani\sipera\vendor\codeigniter4\framework\system\Common.php(1119): CodeIgniter\View\View->render('admin/index', Array, true)
#3 C:\Users\Muhammad Ardani\sipera\app\Controllers\Admin.php(43): view('admin/index', Array)
#4 C:\Users\Muhammad Ardani\sipera\vendor\codeigniter4\framework\system\CodeIgniter.php(918): App\Controllers\Admin->index()
#5 C:\Users\Muhammad Ardani\sipera\vendor\codeigniter4\framework\system\CodeIgniter.php(404): CodeIgniter\CodeIgniter->runController(Object(App\Controllers\Admin))
#6 C:\Users\Muhammad Ardani\sipera\vendor\codeigniter4\framework\system\CodeIgniter.php(312): CodeIgniter\CodeIgniter->handleRequest(NULL, Object(Config\Cache), false)
#7 C:\Users\Muhammad Ardani\sipera\public\index.php(45): CodeIgniter\CodeIgniter->run()
#8 C:\Users\Muhammad Ardani\sipera\vendor\codeigniter4\framework\system\Commands\Server\rewrite.php(34): require_once('C:\\Users\\Muhamm...')
#9 {main}
CRITICAL - 2020-12-11 07:47:12 --> Undefined variable: ruangan
#0 C:\Users\Muhammad Ardani\sipera\app\Views\admin\index.php(124): CodeIgniter\Debug\Exceptions->errorHandler(8, 'Undefined varia...', 'C:\\Users\\Muhamm...', 124, Array)
#1 C:\Users\Muhammad Ardani\sipera\vendor\codeigniter4\framework\system\View\View.php(246): include('C:\\Users\\Muhamm...')
#2 C:\Users\Muhammad Ardani\sipera\vendor\codeigniter4\framework\system\Common.php(1119): CodeIgniter\View\View->render('admin/index', Array, true)
#3 C:\Users\Muhammad Ardani\sipera\app\Controllers\Admin.php(43): view('admin/index', Array)
#4 C:\Users\Muhammad Ardani\sipera\vendor\codeigniter4\framework\system\CodeIgniter.php(918): App\Controllers\Admin->index()
#5 C:\Users\Muhammad Ardani\sipera\vendor\codeigniter4\framework\system\CodeIgniter.php(404): CodeIgniter\CodeIgniter->runController(Object(App\Controllers\Admin))
#6 C:\Users\Muhammad Ardani\sipera\vendor\codeigniter4\framework\system\CodeIgniter.php(312): CodeIgniter\CodeIgniter->handleRequest(NULL, Object(Config\Cache), false)
#7 C:\Users\Muhammad Ardani\sipera\public\index.php(45): CodeIgniter\CodeIgniter->run()
#8 C:\Users\Muhammad Ardani\sipera\vendor\codeigniter4\framework\system\Commands\Server\rewrite.php(34): require_once('C:\\Users\\Muhamm...')
#9 {main}
CRITICAL - 2020-12-11 07:47:39 --> Undefined variable: anggota
#0 C:\Users\Muhammad Ardani\sipera\app\Views\admin\index.php(138): CodeIgniter\Debug\Exceptions->errorHandler(8, 'Undefined varia...', 'C:\\Users\\Muhamm...', 138, Array)
#1 C:\Users\Muhammad Ardani\sipera\vendor\codeigniter4\framework\system\View\View.php(246): include('C:\\Users\\Muhamm...')
#2 C:\Users\Muhammad Ardani\sipera\vendor\codeigniter4\framework\system\Common.php(1119): CodeIgniter\View\View->render('admin/index', Array, true)
#3 C:\Users\Muhammad Ardani\sipera\app\Controllers\Admin.php(43): view('admin/index', Array)
#4 C:\Users\Muhammad Ardani\sipera\vendor\codeigniter4\framework\system\CodeIgniter.php(918): App\Controllers\Admin->index()
#5 C:\Users\Muhammad Ardani\sipera\vendor\codeigniter4\framework\system\CodeIgniter.php(404): CodeIgniter\CodeIgniter->runController(Object(App\Controllers\Admin))
#6 C:\Users\Muhammad Ardani\sipera\vendor\codeigniter4\framework\system\CodeIgniter.php(312): CodeIgniter\CodeIgniter->handleRequest(NULL, Object(Config\Cache), false)
#7 C:\Users\Muhammad Ardani\sipera\public\index.php(45): CodeIgniter\CodeIgniter->run()
#8 C:\Users\Muhammad Ardani\sipera\vendor\codeigniter4\framework\system\Commands\Server\rewrite.php(34): require_once('C:\\Users\\Muhamm...')
#9 {main}
CRITICAL - 2020-12-11 07:47:51 --> Undefined variable: orderan
#0 C:\Users\Muhammad Ardani\sipera\app\Views\admin\index.php(163): CodeIgniter\Debug\Exceptions->errorHandler(8, 'Undefined varia...', 'C:\\Users\\Muhamm...', 163, Array)
#1 C:\Users\Muhammad Ardani\sipera\vendor\codeigniter4\framework\system\View\View.php(246): include('C:\\Users\\Muhamm...')
#2 C:\Users\Muhammad Ardani\sipera\vendor\codeigniter4\framework\system\Common.php(1119): CodeIgniter\View\View->render('admin/index', Array, true)
#3 C:\Users\Muhammad Ardani\sipera\app\Controllers\Admin.php(43): view('admin/index', Array)
#4 C:\Users\Muhammad Ardani\sipera\vendor\codeigniter4\framework\system\CodeIgniter.php(918): App\Controllers\Admin->index()
#5 C:\Users\Muhammad Ardani\sipera\vendor\codeigniter4\framework\system\CodeIgniter.php(404): CodeIgniter\CodeIgniter->runController(Object(App\Controllers\Admin))
#6 C:\Users\Muhammad Ardani\sipera\vendor\codeigniter4\framework\system\CodeIgniter.php(312): CodeIgniter\CodeIgniter->handleRequest(NULL, Object(Config\Cache), false)
#7 C:\Users\Muhammad Ardani\sipera\public\index.php(45): CodeIgniter\CodeIgniter->run()
#8 C:\Users\Muhammad Ardani\sipera\vendor\codeigniter4\framework\system\Commands\Server\rewrite.php(34): require_once('C:\\Users\\Muhamm...')
#9 {main}
