CRITICAL - 2020-10-17 08:29:22 --> Illegal string offset 'product_id'
#0 C:\Users\Muhammad Ardani\jasasosmedid-ci4\app\Views\user\pesanan.php(19): CodeIgniter\Debug\Exceptions->errorHandler(2, 'Illegal string ...', 'C:\\Users\\Muhamm...', 19, Array)
#1 C:\Users\Muhammad Ardani\jasasosmedid-ci4\vendor\codeigniter4\framework\system\View\View.php(246): include('C:\\Users\\Muhamm...')
#2 C:\Users\Muhammad Ardani\jasasosmedid-ci4\vendor\codeigniter4\framework\system\Common.php(1119): CodeIgniter\View\View->render('user/pesanan', Array, true)
#3 C:\Users\Muhammad Ardani\jasasosmedid-ci4\app\Controllers\User.php(146): view('user/pesanan', Array)
#4 C:\Users\Muhammad Ardani\jasasosmedid-ci4\vendor\codeigniter4\framework\system\CodeIgniter.php(918): App\Controllers\User->pesanan()
#5 C:\Users\Muhammad Ardani\jasasosmedid-ci4\vendor\codeigniter4\framework\system\CodeIgniter.php(404): CodeIgniter\CodeIgniter->runController(Object(App\Controllers\User))
#6 C:\Users\Muhammad Ardani\jasasosmedid-ci4\vendor\codeigniter4\framework\system\CodeIgniter.php(312): CodeIgniter\CodeIgniter->handleRequest(NULL, Object(Config\Cache), false)
#7 C:\Users\Muhammad Ardani\jasasosmedid-ci4\public\index.php(45): CodeIgniter\CodeIgniter->run()
#8 C:\Users\Muhammad Ardani\jasasosmedid-ci4\vendor\codeigniter4\framework\system\Commands\Server\rewrite.php(34): require_once('C:\\Users\\Muhamm...')
#9 {main}
CRITICAL - 2020-10-17 08:30:24 --> Illegal string offset 'product_id'
#0 C:\Users\Muhammad Ardani\jasasosmedid-ci4\app\Views\user\pesanan.php(19): CodeIgniter\Debug\Exceptions->errorHandler(2, 'Illegal string ...', 'C:\\Users\\Muhamm...', 19, Array)
#1 C:\Users\Muhammad Ardani\jasasosmedid-ci4\vendor\codeigniter4\framework\system\View\View.php(246): include('C:\\Users\\Muhamm...')
#2 C:\Users\Muhammad Ardani\jasasosmedid-ci4\vendor\codeigniter4\framework\system\Common.php(1119): CodeIgniter\View\View->render('user/pesanan', Array, true)
#3 C:\Users\Muhammad Ardani\jasasosmedid-ci4\app\Controllers\User.php(146): view('user/pesanan', Array)
#4 C:\Users\Muhammad Ardani\jasasosmedid-ci4\vendor\codeigniter4\framework\system\CodeIgniter.php(918): App\Controllers\User->pesanan()
#5 C:\Users\Muhammad Ardani\jasasosmedid-ci4\vendor\codeigniter4\framework\system\CodeIgniter.php(404): CodeIgniter\CodeIgniter->runController(Object(App\Controllers\User))
#6 C:\Users\Muhammad Ardani\jasasosmedid-ci4\vendor\codeigniter4\framework\system\CodeIgniter.php(312): CodeIgniter\CodeIgniter->handleRequest(NULL, Object(Config\Cache), false)
#7 C:\Users\Muhammad Ardani\jasasosmedid-ci4\public\index.php(45): CodeIgniter\CodeIgniter->run()
#8 C:\Users\Muhammad Ardani\jasasosmedid-ci4\vendor\codeigniter4\framework\system\Commands\Server\rewrite.php(34): require_once('C:\\Users\\Muhamm...')
#9 {main}
CRITICAL - 2020-10-17 08:30:27 --> Illegal string offset 'product_id'
#0 C:\Users\Muhammad Ardani\jasasosmedid-ci4\app\Views\user\pesanan.php(19): CodeIgniter\Debug\Exceptions->errorHandler(2, 'Illegal string ...', 'C:\\Users\\Muhamm...', 19, Array)
#1 C:\Users\Muhammad Ardani\jasasosmedid-ci4\vendor\codeigniter4\framework\system\View\View.php(246): include('C:\\Users\\Muhamm...')
#2 C:\Users\Muhammad Ardani\jasasosmedid-ci4\vendor\codeigniter4\framework\system\Common.php(1119): CodeIgniter\View\View->render('user/pesanan', Array, true)
#3 C:\Users\Muhammad Ardani\jasasosmedid-ci4\app\Controllers\User.php(146): view('user/pesanan', Array)
#4 C:\Users\Muhammad Ardani\jasasosmedid-ci4\vendor\codeigniter4\framework\system\CodeIgniter.php(918): App\Controllers\User->pesanan()
#5 C:\Users\Muhammad Ardani\jasasosmedid-ci4\vendor\codeigniter4\framework\system\CodeIgniter.php(404): CodeIgniter\CodeIgniter->runController(Object(App\Controllers\User))
#6 C:\Users\Muhammad Ardani\jasasosmedid-ci4\vendor\codeigniter4\framework\system\CodeIgniter.php(312): CodeIgniter\CodeIgniter->handleRequest(NULL, Object(Config\Cache), false)
#7 C:\Users\Muhammad Ardani\jasasosmedid-ci4\public\index.php(45): CodeIgniter\CodeIgniter->run()
#8 C:\Users\Muhammad Ardani\jasasosmedid-ci4\vendor\codeigniter4\framework\system\Commands\Server\rewrite.php(34): require_once('C:\\Users\\Muhamm...')
#9 {main}
CRITICAL - 2020-10-17 08:31:02 --> Illegal string offset 'product_id'
#0 C:\Users\Muhammad Ardani\jasasosmedid-ci4\app\Views\user\pesanan.php(19): CodeIgniter\Debug\Exceptions->errorHandler(2, 'Illegal string ...', 'C:\\Users\\Muhamm...', 19, Array)
#1 C:\Users\Muhammad Ardani\jasasosmedid-ci4\vendor\codeigniter4\framework\system\View\View.php(246): include('C:\\Users\\Muhamm...')
#2 C:\Users\Muhammad Ardani\jasasosmedid-ci4\vendor\codeigniter4\framework\system\Common.php(1119): CodeIgniter\View\View->render('user/pesanan', Array, true)
#3 C:\Users\Muhammad Ardani\jasasosmedid-ci4\app\Controllers\User.php(146): view('user/pesanan', Array)
#4 C:\Users\Muhammad Ardani\jasasosmedid-ci4\vendor\codeigniter4\framework\system\CodeIgniter.php(918): App\Controllers\User->pesanan()
#5 C:\Users\Muhammad Ardani\jasasosmedid-ci4\vendor\codeigniter4\framework\system\CodeIgniter.php(404): CodeIgniter\CodeIgniter->runController(Object(App\Controllers\User))
#6 C:\Users\Muhammad Ardani\jasasosmedid-ci4\vendor\codeigniter4\framework\system\CodeIgniter.php(312): CodeIgniter\CodeIgniter->handleRequest(NULL, Object(Config\Cache), false)
#7 C:\Users\Muhammad Ardani\jasasosmedid-ci4\public\index.php(45): CodeIgniter\CodeIgniter->run()
#8 C:\Users\Muhammad Ardani\jasasosmedid-ci4\vendor\codeigniter4\framework\system\Commands\Server\rewrite.php(34): require_once('C:\\Users\\Muhamm...')
#9 {main}
CRITICAL - 2020-10-17 08:31:19 --> Illegal string offset 'product_id'
#0 C:\Users\Muhammad Ardani\jasasosmedid-ci4\app\Views\user\pesanan.php(19): CodeIgniter\Debug\Exceptions->errorHandler(2, 'Illegal string ...', 'C:\\Users\\Muhamm...', 19, Array)
#1 C:\Users\Muhammad Ardani\jasasosmedid-ci4\vendor\codeigniter4\framework\system\View\View.php(246): include('C:\\Users\\Muhamm...')
#2 C:\Users\Muhammad Ardani\jasasosmedid-ci4\vendor\codeigniter4\framework\system\Common.php(1119): CodeIgniter\View\View->render('user/pesanan', Array, true)
#3 C:\Users\Muhammad Ardani\jasasosmedid-ci4\app\Controllers\User.php(146): view('user/pesanan', Array)
#4 C:\Users\Muhammad Ardani\jasasosmedid-ci4\vendor\codeigniter4\framework\system\CodeIgniter.php(918): App\Controllers\User->pesanan()
#5 C:\Users\Muhammad Ardani\jasasosmedid-ci4\vendor\codeigniter4\framework\system\CodeIgniter.php(404): CodeIgniter\CodeIgniter->runController(Object(App\Controllers\User))
#6 C:\Users\Muhammad Ardani\jasasosmedid-ci4\vendor\codeigniter4\framework\system\CodeIgniter.php(312): CodeIgniter\CodeIgniter->handleRequest(NULL, Object(Config\Cache), false)
#7 C:\Users\Muhammad Ardani\jasasosmedid-ci4\public\index.php(45): CodeIgniter\CodeIgniter->run()
#8 C:\Users\Muhammad Ardani\jasasosmedid-ci4\vendor\codeigniter4\framework\system\Commands\Server\rewrite.php(34): require_once('C:\\Users\\Muhamm...')
#9 {main}
CRITICAL - 2020-10-17 08:31:30 --> Illegal string offset 'product_id'
#0 C:\Users\Muhammad Ardani\jasasosmedid-ci4\app\Views\user\pesanan.php(19): CodeIgniter\Debug\Exceptions->errorHandler(2, 'Illegal string ...', 'C:\\Users\\Muhamm...', 19, Array)
#1 C:\Users\Muhammad Ardani\jasasosmedid-ci4\vendor\codeigniter4\framework\system\View\View.php(246): include('C:\\Users\\Muhamm...')
#2 C:\Users\Muhammad Ardani\jasasosmedid-ci4\vendor\codeigniter4\framework\system\Common.php(1119): CodeIgniter\View\View->render('user/pesanan', Array, true)
#3 C:\Users\Muhammad Ardani\jasasosmedid-ci4\app\Controllers\User.php(146): view('user/pesanan', Array)
#4 C:\Users\Muhammad Ardani\jasasosmedid-ci4\vendor\codeigniter4\framework\system\CodeIgniter.php(918): App\Controllers\User->pesanan()
#5 C:\Users\Muhammad Ardani\jasasosmedid-ci4\vendor\codeigniter4\framework\system\CodeIgniter.php(404): CodeIgniter\CodeIgniter->runController(Object(App\Controllers\User))
#6 C:\Users\Muhammad Ardani\jasasosmedid-ci4\vendor\codeigniter4\framework\system\CodeIgniter.php(312): CodeIgniter\CodeIgniter->handleRequest(NULL, Object(Config\Cache), false)
#7 C:\Users\Muhammad Ardani\jasasosmedid-ci4\public\index.php(45): CodeIgniter\CodeIgniter->run()
#8 C:\Users\Muhammad Ardani\jasasosmedid-ci4\vendor\codeigniter4\framework\system\Commands\Server\rewrite.php(34): require_once('C:\\Users\\Muhamm...')
#9 {main}
CRITICAL - 2020-10-17 08:32:14 --> Illegal string offset 'product_id'
#0 C:\Users\Muhammad Ardani\jasasosmedid-ci4\app\Views\user\pesanan.php(19): CodeIgniter\Debug\Exceptions->errorHandler(2, 'Illegal string ...', 'C:\\Users\\Muhamm...', 19, Array)
#1 C:\Users\Muhammad Ardani\jasasosmedid-ci4\vendor\codeigniter4\framework\system\View\View.php(246): include('C:\\Users\\Muhamm...')
#2 C:\Users\Muhammad Ardani\jasasosmedid-ci4\vendor\codeigniter4\framework\system\Common.php(1119): CodeIgniter\View\View->render('user/pesanan', Array, true)
#3 C:\Users\Muhammad Ardani\jasasosmedid-ci4\app\Controllers\User.php(146): view('user/pesanan', Array)
#4 C:\Users\Muhammad Ardani\jasasosmedid-ci4\vendor\codeigniter4\framework\system\CodeIgniter.php(918): App\Controllers\User->pesanan()
#5 C:\Users\Muhammad Ardani\jasasosmedid-ci4\vendor\codeigniter4\framework\system\CodeIgniter.php(404): CodeIgniter\CodeIgniter->runController(Object(App\Controllers\User))
#6 C:\Users\Muhammad Ardani\jasasosmedid-ci4\vendor\codeigniter4\framework\system\CodeIgniter.php(312): CodeIgniter\CodeIgniter->handleRequest(NULL, Object(Config\Cache), false)
#7 C:\Users\Muhammad Ardani\jasasosmedid-ci4\public\index.php(45): CodeIgniter\CodeIgniter->run()
#8 C:\Users\Muhammad Ardani\jasasosmedid-ci4\vendor\codeigniter4\framework\system\Commands\Server\rewrite.php(34): require_once('C:\\Users\\Muhamm...')
#9 {main}
CRITICAL - 2020-10-17 08:35:02 --> A non-numeric value encountered
#0 C:\Users\Muhammad Ardani\jasasosmedid-ci4\app\Views\user\pesanan.php(129): CodeIgniter\Debug\Exceptions->errorHandler(2, 'A non-numeric v...', 'C:\\Users\\Muhamm...', 129, Array)
#1 C:\Users\Muhammad Ardani\jasasosmedid-ci4\vendor\codeigniter4\framework\system\View\View.php(246): include('C:\\Users\\Muhamm...')
#2 C:\Users\Muhammad Ardani\jasasosmedid-ci4\vendor\codeigniter4\framework\system\Common.php(1119): CodeIgniter\View\View->render('user/pesanan', Array, true)
#3 C:\Users\Muhammad Ardani\jasasosmedid-ci4\app\Controllers\User.php(146): view('user/pesanan', Array)
#4 C:\Users\Muhammad Ardani\jasasosmedid-ci4\vendor\codeigniter4\framework\system\CodeIgniter.php(918): App\Controllers\User->pesanan()
#5 C:\Users\Muhammad Ardani\jasasosmedid-ci4\vendor\codeigniter4\framework\system\CodeIgniter.php(404): CodeIgniter\CodeIgniter->runController(Object(App\Controllers\User))
#6 C:\Users\Muhammad Ardani\jasasosmedid-ci4\vendor\codeigniter4\framework\system\CodeIgniter.php(312): CodeIgniter\CodeIgniter->handleRequest(NULL, Object(Config\Cache), false)
#7 C:\Users\Muhammad Ardani\jasasosmedid-ci4\public\index.php(45): CodeIgniter\CodeIgniter->run()
#8 C:\Users\Muhammad Ardani\jasasosmedid-ci4\vendor\codeigniter4\framework\system\Commands\Server\rewrite.php(34): require_once('C:\\Users\\Muhamm...')
#9 {main}
CRITICAL - 2020-10-17 08:35:09 --> A non-numeric value encountered
#0 C:\Users\Muhammad Ardani\jasasosmedid-ci4\app\Views\user\pesanan.php(129): CodeIgniter\Debug\Exceptions->errorHandler(2, 'A non-numeric v...', 'C:\\Users\\Muhamm...', 129, Array)
#1 C:\Users\Muhammad Ardani\jasasosmedid-ci4\vendor\codeigniter4\framework\system\View\View.php(246): include('C:\\Users\\Muhamm...')
#2 C:\Users\Muhammad Ardani\jasasosmedid-ci4\vendor\codeigniter4\framework\system\Common.php(1119): CodeIgniter\View\View->render('user/pesanan', Array, true)
#3 C:\Users\Muhammad Ardani\jasasosmedid-ci4\app\Controllers\User.php(146): view('user/pesanan', Array)
#4 C:\Users\Muhammad Ardani\jasasosmedid-ci4\vendor\codeigniter4\framework\system\CodeIgniter.php(918): App\Controllers\User->pesanan()
#5 C:\Users\Muhammad Ardani\jasasosmedid-ci4\vendor\codeigniter4\framework\system\CodeIgniter.php(404): CodeIgniter\CodeIgniter->runController(Object(App\Controllers\User))
#6 C:\Users\Muhammad Ardani\jasasosmedid-ci4\vendor\codeigniter4\framework\system\CodeIgniter.php(312): CodeIgniter\CodeIgniter->handleRequest(NULL, Object(Config\Cache), false)
#7 C:\Users\Muhammad Ardani\jasasosmedid-ci4\public\index.php(45): CodeIgniter\CodeIgniter->run()
#8 C:\Users\Muhammad Ardani\jasasosmedid-ci4\vendor\codeigniter4\framework\system\Commands\Server\rewrite.php(34): require_once('C:\\Users\\Muhamm...')
#9 {main}
CRITICAL - 2020-10-17 08:36:13 --> Illegal string offset 'product_id'
#0 C:\Users\Muhammad Ardani\jasasosmedid-ci4\app\Views\user\pesanan.php(128): CodeIgniter\Debug\Exceptions->errorHandler(2, 'Illegal string ...', 'C:\\Users\\Muhamm...', 128, Array)
#1 C:\Users\Muhammad Ardani\jasasosmedid-ci4\vendor\codeigniter4\framework\system\View\View.php(246): include('C:\\Users\\Muhamm...')
#2 C:\Users\Muhammad Ardani\jasasosmedid-ci4\vendor\codeigniter4\framework\system\Common.php(1119): CodeIgniter\View\View->render('user/pesanan', Array, true)
#3 C:\Users\Muhammad Ardani\jasasosmedid-ci4\app\Controllers\User.php(146): view('user/pesanan', Array)
#4 C:\Users\Muhammad Ardani\jasasosmedid-ci4\vendor\codeigniter4\framework\system\CodeIgniter.php(918): App\Controllers\User->pesanan()
#5 C:\Users\Muhammad Ardani\jasasosmedid-ci4\vendor\codeigniter4\framework\system\CodeIgniter.php(404): CodeIgniter\CodeIgniter->runController(Object(App\Controllers\User))
#6 C:\Users\Muhammad Ardani\jasasosmedid-ci4\vendor\codeigniter4\framework\system\CodeIgniter.php(312): CodeIgniter\CodeIgniter->handleRequest(NULL, Object(Config\Cache), false)
#7 C:\Users\Muhammad Ardani\jasasosmedid-ci4\public\index.php(45): CodeIgniter\CodeIgniter->run()
#8 C:\Users\Muhammad Ardani\jasasosmedid-ci4\vendor\codeigniter4\framework\system\Commands\Server\rewrite.php(34): require_once('C:\\Users\\Muhamm...')
#9 {main}
CRITICAL - 2020-10-17 09:18:10 --> Undefined variable: admin
#0 C:\Users\Muhammad Ardani\jasasosmedid-ci4\app\Views\admin\menu.php(137): CodeIgniter\Debug\Exceptions->errorHandler(8, 'Undefined varia...', 'C:\\Users\\Muhamm...', 137, Array)
#1 C:\Users\Muhammad Ardani\jasasosmedid-ci4\vendor\codeigniter4\framework\system\View\View.php(246): include('C:\\Users\\Muhamm...')
#2 C:\Users\Muhammad Ardani\jasasosmedid-ci4\vendor\codeigniter4\framework\system\Common.php(1119): CodeIgniter\View\View->render('admin/menu', Array, true)
#3 C:\Users\Muhammad Ardani\jasasosmedid-ci4\app\Controllers\Admin.php(372): view('admin/menu')
#4 C:\Users\Muhammad Ardani\jasasosmedid-ci4\vendor\codeigniter4\framework\system\CodeIgniter.php(918): App\Controllers\Admin->showAnnouncements()
#5 C:\Users\Muhammad Ardani\jasasosmedid-ci4\vendor\codeigniter4\framework\system\CodeIgniter.php(404): CodeIgniter\CodeIgniter->runController(Object(App\Controllers\Admin))
#6 C:\Users\Muhammad Ardani\jasasosmedid-ci4\vendor\codeigniter4\framework\system\CodeIgniter.php(312): CodeIgniter\CodeIgniter->handleRequest(NULL, Object(Config\Cache), false)
#7 C:\Users\Muhammad Ardani\jasasosmedid-ci4\public\index.php(45): CodeIgniter\CodeIgniter->run()
#8 C:\Users\Muhammad Ardani\jasasosmedid-ci4\vendor\codeigniter4\framework\system\Commands\Server\rewrite.php(34): require_once('C:\\Users\\Muhamm...')
#9 {main}
CRITICAL - 2020-10-17 09:18:21 --> Undefined variable: admin
#0 C:\Users\Muhammad Ardani\jasasosmedid-ci4\app\Views\admin\menu.php(137): CodeIgniter\Debug\Exceptions->errorHandler(8, 'Undefined varia...', 'C:\\Users\\Muhamm...', 137, Array)
#1 C:\Users\Muhammad Ardani\jasasosmedid-ci4\vendor\codeigniter4\framework\system\View\View.php(246): include('C:\\Users\\Muhamm...')
#2 C:\Users\Muhammad Ardani\jasasosmedid-ci4\vendor\codeigniter4\framework\system\Common.php(1119): CodeIgniter\View\View->render('admin/menu', Array, true)
#3 C:\Users\Muhammad Ardani\jasasosmedid-ci4\app\Controllers\Admin.php(233): view('admin/menu')
#4 C:\Users\Muhammad Ardani\jasasosmedid-ci4\vendor\codeigniter4\framework\system\CodeIgniter.php(918): App\Controllers\Admin->showProducts()
#5 C:\Users\Muhammad Ardani\jasasosmedid-ci4\vendor\codeigniter4\framework\system\CodeIgniter.php(404): CodeIgniter\CodeIgniter->runController(Object(App\Controllers\Admin))
#6 C:\Users\Muhammad Ardani\jasasosmedid-ci4\vendor\codeigniter4\framework\system\CodeIgniter.php(312): CodeIgniter\CodeIgniter->handleRequest(NULL, Object(Config\Cache), false)
#7 C:\Users\Muhammad Ardani\jasasosmedid-ci4\public\index.php(45): CodeIgniter\CodeIgniter->run()
#8 C:\Users\Muhammad Ardani\jasasosmedid-ci4\vendor\codeigniter4\framework\system\Commands\Server\rewrite.php(34): require_once('C:\\Users\\Muhamm...')
#9 {main}
CRITICAL - 2020-10-17 09:18:45 --> Undefined variable: admin
#0 C:\Users\Muhammad Ardani\jasasosmedid-ci4\app\Views\admin\menu.php(137): CodeIgniter\Debug\Exceptions->errorHandler(8, 'Undefined varia...', 'C:\\Users\\Muhamm...', 137, Array)
#1 C:\Users\Muhammad Ardani\jasasosmedid-ci4\vendor\codeigniter4\framework\system\View\View.php(246): include('C:\\Users\\Muhamm...')
#2 C:\Users\Muhammad Ardani\jasasosmedid-ci4\vendor\codeigniter4\framework\system\Common.php(1119): CodeIgniter\View\View->render('admin/menu', Array, true)
#3 C:\Users\Muhammad Ardani\jasasosmedid-ci4\app\Controllers\Admin.php(498): view('admin/menu')
#4 C:\Users\Muhammad Ardani\jasasosmedid-ci4\vendor\codeigniter4\framework\system\CodeIgniter.php(918): App\Controllers\Admin->showOrders()
#5 C:\Users\Muhammad Ardani\jasasosmedid-ci4\vendor\codeigniter4\framework\system\CodeIgniter.php(404): CodeIgniter\CodeIgniter->runController(Object(App\Controllers\Admin))
#6 C:\Users\Muhammad Ardani\jasasosmedid-ci4\vendor\codeigniter4\framework\system\CodeIgniter.php(312): CodeIgniter\CodeIgniter->handleRequest(NULL, Object(Config\Cache), false)
#7 C:\Users\Muhammad Ardani\jasasosmedid-ci4\public\index.php(45): CodeIgniter\CodeIgniter->run()
#8 C:\Users\Muhammad Ardani\jasasosmedid-ci4\vendor\codeigniter4\framework\system\Commands\Server\rewrite.php(34): require_once('C:\\Users\\Muhamm...')
#9 {main}
CRITICAL - 2020-10-17 09:18:48 --> Undefined variable: admin
#0 C:\Users\Muhammad Ardani\jasasosmedid-ci4\app\Views\admin\menu.php(137): CodeIgniter\Debug\Exceptions->errorHandler(8, 'Undefined varia...', 'C:\\Users\\Muhamm...', 137, Array)
#1 C:\Users\Muhammad Ardani\jasasosmedid-ci4\vendor\codeigniter4\framework\system\View\View.php(246): include('C:\\Users\\Muhamm...')
#2 C:\Users\Muhammad Ardani\jasasosmedid-ci4\vendor\codeigniter4\framework\system\Common.php(1119): CodeIgniter\View\View->render('admin/menu', Array, true)
#3 C:\Users\Muhammad Ardani\jasasosmedid-ci4\app\Controllers\Admin.php(82): view('admin/menu')
#4 C:\Users\Muhammad Ardani\jasasosmedid-ci4\vendor\codeigniter4\framework\system\CodeIgniter.php(918): App\Controllers\Admin->showUsers()
#5 C:\Users\Muhammad Ardani\jasasosmedid-ci4\vendor\codeigniter4\framework\system\CodeIgniter.php(404): CodeIgniter\CodeIgniter->runController(Object(App\Controllers\Admin))
#6 C:\Users\Muhammad Ardani\jasasosmedid-ci4\vendor\codeigniter4\framework\system\CodeIgniter.php(312): CodeIgniter\CodeIgniter->handleRequest(NULL, Object(Config\Cache), false)
#7 C:\Users\Muhammad Ardani\jasasosmedid-ci4\public\index.php(45): CodeIgniter\CodeIgniter->run()
#8 C:\Users\Muhammad Ardani\jasasosmedid-ci4\vendor\codeigniter4\framework\system\Commands\Server\rewrite.php(34): require_once('C:\\Users\\Muhamm...')
#9 {main}
CRITICAL - 2020-10-17 10:09:45 --> The original file is not a valid file.
#0 C:\Users\Muhammad Ardani\jasasosmedid-ci4\vendor\codeigniter4\framework\system\HTTP\Files\UploadedFile.php(172): CodeIgniter\HTTP\Exceptions\HTTPException::forInvalidFile()
#1 C:\Users\Muhammad Ardani\jasasosmedid-ci4\app\Controllers\User.php(261): CodeIgniter\HTTP\Files\UploadedFile->move('uploads/buktiba...')
#2 C:\Users\Muhammad Ardani\jasasosmedid-ci4\vendor\codeigniter4\framework\system\CodeIgniter.php(918): App\Controllers\User->updatePembayaran()
#3 C:\Users\Muhammad Ardani\jasasosmedid-ci4\vendor\codeigniter4\framework\system\CodeIgniter.php(404): CodeIgniter\CodeIgniter->runController(Object(App\Controllers\User))
#4 C:\Users\Muhammad Ardani\jasasosmedid-ci4\vendor\codeigniter4\framework\system\CodeIgniter.php(312): CodeIgniter\CodeIgniter->handleRequest(NULL, Object(Config\Cache), false)
#5 C:\Users\Muhammad Ardani\jasasosmedid-ci4\public\index.php(45): CodeIgniter\CodeIgniter->run()
#6 C:\Users\Muhammad Ardani\jasasosmedid-ci4\vendor\codeigniter4\framework\system\Commands\Server\rewrite.php(34): require_once('C:\\Users\\Muhamm...')
#7 {main}
